<?xml version="1.0" encoding="UTF-8"?>
<!-- Generated by org.testng.reporters.JUnitReportReporter -->
<testsuite hostname="ALIPL5550" failures="0" tests="1" name="testcases.searchReturnFlightTest" time="33.016" errors="0" timestamp="23 Nov 2023 14:40:01 GMT" skipped="0">
  <testcase classname="testcases.searchReturnFlightTest" name="searchReturnFlight" time="33.016"/>
</testsuite> <!-- testcases.searchReturnFlightTest -->
