<?xml version="1.0" encoding="UTF-8"?>
<!-- Generated by org.testng.reporters.JUnitReportReporter -->
<testsuite hostname="ALIPL5550" failures="0" tests="1" name="testcases.GetBusOperatorsTest" time="19.414" errors="0" timestamp="05 Dec 2023 13:01:43 GMT" skipped="0">
  <testcase classname="testcases.GetBusOperatorsTest" name="getBusOperatorsTest" time="19.414"/>
</testsuite> <!-- testcases.GetBusOperatorsTest -->
